<?xml version="1.0" encoding="UTF-8"?>
<coverage generated="1573877607604" clover="3.2.0">
  <project timestamp="1573877607604" name="All files">
    <metrics statements="23" coveredstatements="23" conditionals="22" coveredconditionals="16" methods="7" coveredmethods="7" elements="52" coveredelements="46" complexity="0" loc="23" ncloc="23" packages="1" files="1" classes="1"/>
    <file name="index.js" path="/Users/hungchungkuo/Desktop/gameOfList/index.js">
      <metrics statements="23" coveredstatements="23" conditionals="22" coveredconditionals="16" methods="7" coveredmethods="7"/>
      <line num="3" count="12" type="stmt"/>
      <line num="4" count="12" type="stmt"/>
      <line num="7" count="10" type="stmt"/>
      <line num="8" count="10" type="stmt"/>
      <line num="9" count="28" type="stmt"/>
      <line num="10" count="28" type="stmt"/>
      <line num="12" count="10" type="stmt"/>
      <line num="16" count="1" type="stmt"/>
      <line num="20" count="1" type="stmt"/>
      <line num="24" count="6" type="stmt"/>
      <line num="25" count="6" type="stmt"/>
      <line num="29" count="2" type="stmt"/>
      <line num="33" count="3" type="stmt"/>
      <line num="36" count="3" type="cond" truecount="3" falsecount="1"/>
      <line num="37" count="3" type="cond" truecount="3" falsecount="1"/>
      <line num="38" count="3" type="cond" truecount="4" falsecount="0"/>
      <line num="39" count="3" type="cond" truecount="2" falsecount="0"/>
      <line num="40" count="3" type="cond" truecount="1" falsecount="1"/>
      <line num="41" count="3" type="cond" truecount="1" falsecount="1"/>
      <line num="42" count="3" type="cond" truecount="1" falsecount="1"/>
      <line num="43" count="3" type="cond" truecount="1" falsecount="1"/>
      <line num="45" count="3" type="stmt"/>
      <line num="50" count="1" type="stmt"/>
    </file>
  </project>
</coverage>
