<?xml version="1.0" encoding="UTF-8"?>
<coverage generated="1574068956932" clover="3.2.0">
  <project timestamp="1574068956932" name="All files">
    <metrics statements="65" coveredstatements="60" conditionals="45" coveredconditionals="41" methods="17" coveredmethods="16" elements="127" coveredelements="117" complexity="0" loc="65" ncloc="65" packages="1" files="1" classes="1"/>
    <file name="index.js" path="/Users/hungchungkuo/Desktop/gameOfList/index.js">
      <metrics statements="65" coveredstatements="60" conditionals="45" coveredconditionals="41" methods="17" coveredmethods="16"/>
      <line num="3" count="26" type="cond" truecount="2" falsecount="0"/>
      <line num="4" count="26" type="cond" truecount="1" falsecount="1"/>
      <line num="5" count="26" type="stmt"/>
      <line num="6" count="26" type="stmt"/>
      <line num="7" count="26" type="stmt"/>
      <line num="11" count="0" type="cond" truecount="0" falsecount="2"/>
      <line num="12" count="0" type="stmt"/>
      <line num="13" count="0" type="stmt"/>
      <line num="14" count="0" type="stmt"/>
      <line num="18" count="23" type="stmt"/>
      <line num="19" count="70" type="stmt"/>
      <line num="20" count="70" type="stmt"/>
      <line num="21" count="214" type="stmt"/>
      <line num="24" count="23" type="stmt"/>
      <line num="28" count="1" type="stmt"/>
      <line num="29" count="3" type="stmt"/>
      <line num="30" count="3" type="stmt"/>
      <line num="31" count="9" type="stmt"/>
      <line num="32" count="9" type="stmt"/>
      <line num="33" count="9" type="stmt"/>
      <line num="36" count="1" type="stmt"/>
      <line num="40" count="3" type="stmt"/>
      <line num="41" count="3" type="stmt"/>
      <line num="42" count="3" type="stmt"/>
      <line num="46" count="1" type="stmt"/>
      <line num="50" count="1" type="stmt"/>
      <line num="53" count="1" type="stmt"/>
      <line num="57" count="16" type="cond" truecount="2" falsecount="0"/>
      <line num="58" count="2" type="stmt"/>
      <line num="59" count="2" type="stmt"/>
      <line num="64" count="14" type="stmt"/>
      <line num="65" count="14" type="stmt"/>
      <line num="66" count="14" type="stmt"/>
      <line num="70" count="159" type="cond" truecount="6" falsecount="0"/>
      <line num="74" count="34" type="stmt"/>
      <line num="76" count="125" type="stmt"/>
      <line num="80" count="29" type="cond" truecount="2" falsecount="0"/>
      <line num="81" count="27" type="stmt"/>
      <line num="82" count="27" type="stmt"/>
      <line num="86" count="14" type="stmt"/>
      <line num="87" count="14" type="stmt"/>
      <line num="88" count="42" type="stmt"/>
      <line num="89" count="126" type="cond" truecount="4" falsecount="0"/>
      <line num="90" count="112" type="cond" truecount="2" falsecount="0"/>
      <line num="93" count="14" type="stmt"/>
      <line num="97" count="114" type="cond" truecount="2" falsecount="0"/>
      <line num="98" count="84" type="cond" truecount="2" falsecount="0"/>
      <line num="99" count="56" type="stmt"/>
      <line num="103" count="8" type="stmt"/>
      <line num="104" count="8" type="cond" truecount="3" falsecount="1"/>
      <line num="105" count="0" type="stmt"/>
      <line num="106" count="8" type="cond" truecount="5" falsecount="0"/>
      <line num="107" count="1" type="stmt"/>
      <line num="108" count="7" type="cond" truecount="4" falsecount="0"/>
      <line num="109" count="1" type="stmt"/>
      <line num="110" count="6" type="cond" truecount="4" falsecount="0"/>
      <line num="111" count="2" type="stmt"/>
      <line num="113" count="4" type="stmt"/>
      <line num="120" count="253" type="cond" truecount="2" falsecount="0"/>
      <line num="121" count="1" type="stmt"/>
      <line num="123" count="253" type="stmt"/>
      <line num="127" count="12" type="stmt"/>
      <line num="131" count="10" type="stmt"/>
      <line num="132" count="10" type="stmt"/>
      <line num="137" count="1" type="stmt"/>
    </file>
  </project>
</coverage>
