{"/Users/hungchungkuo/Desktop/gameOfList/index.js": {"path":"/Users/hungchungkuo/Desktop/gameOfList/index.js","statementMap":{"0":{"start":{"line":3,"column":8},"end":{"line":3,"column":55}},"1":{"start":{"line":4,"column":8},"end":{"line":4,"column":59}},"2":{"start":{"line":5,"column":8},"end":{"line":5,"column":31}},"3":{"start":{"line":6,"column":8},"end":{"line":6,"column":30}},"4":{"start":{"line":7,"column":8},"end":{"line":7,"column":27}},"5":{"start":{"line":11,"column":8},"end":{"line":11,"column":71}},"6":{"start":{"line":11,"column":59},"end":{"line":11,"column":71}},"7":{"start":{"line":12,"column":8},"end":{"line":12,"column":40}},"8":{"start":{"line":13,"column":8},"end":{"line":13,"column":34}},"9":{"start":{"line":14,"column":8},"end":{"line":14,"column":19}},"10":{"start":{"line":18,"column":8},"end":{"line":23,"column":9}},"11":{"start":{"line":18,"column":21},"end":{"line":18,"column":22}},"12":{"start":{"line":19,"column":12},"end":{"line":19,"column":58}},"13":{"start":{"line":20,"column":12},"end":{"line":22,"column":13}},"14":{"start":{"line":20,"column":25},"end":{"line":20,"column":26}},"15":{"start":{"line":21,"column":16},"end":{"line":21,"column":58}},"16":{"start":{"line":24,"column":8},"end":{"line":24,"column":19}},"17":{"start":{"line":28,"column":8},"end":{"line":35,"column":9}},"18":{"start":{"line":28,"column":21},"end":{"line":28,"column":22}},"19":{"start":{"line":29,"column":12},"end":{"line":29,"column":58}},"20":{"start":{"line":30,"column":12},"end":{"line":34,"column":13}},"21":{"start":{"line":30,"column":25},"end":{"line":30,"column":26}},"22":{"start":{"line":31,"column":27},"end":{"line":31,"column":42}},"23":{"start":{"line":32,"column":16},"end":{"line":32,"column":37}},"24":{"start":{"line":33,"column":16},"end":{"line":33,"column":58}},"25":{"start":{"line":36,"column":8},"end":{"line":36,"column":19}},"26":{"start":{"line":40,"column":21},"end":{"line":40,"column":42}},"27":{"start":{"line":41,"column":8},"end":{"line":41,"column":76}},"28":{"start":{"line":42,"column":8},"end":{"line":42,"column":19}},"29":{"start":{"line":46,"column":8},"end":{"line":46,"column":74}},"30":{"start":{"line":50,"column":8},"end":{"line":50,"column":43}},"31":{"start":{"line":53,"column":8},"end":{"line":53,"column":40}},"32":{"start":{"line":57,"column":8},"end":{"line":63,"column":9}},"33":{"start":{"line":58,"column":12},"end":{"line":58,"column":55}},"34":{"start":{"line":59,"column":12},"end":{"line":62,"column":13}},"35":{"start":{"line":64,"column":8},"end":{"line":64,"column":40}},"36":{"start":{"line":65,"column":8},"end":{"line":65,"column":34}},"37":{"start":{"line":66,"column":8},"end":{"line":66,"column":19}},"38":{"start":{"line":70,"column":8},"end":{"line":75,"column":13}},"39":{"start":{"line":74,"column":16},"end":{"line":74,"column":27}},"40":{"start":{"line":76,"column":8},"end":{"line":76,"column":20}},"41":{"start":{"line":80,"column":8},"end":{"line":80,"column":71}},"42":{"start":{"line":80,"column":59},"end":{"line":80,"column":71}},"43":{"start":{"line":81,"column":8},"end":{"line":81,"column":58}},"44":{"start":{"line":82,"column":8},"end":{"line":82,"column":19}},"45":{"start":{"line":86,"column":22},"end":{"line":86,"column":23}},"46":{"start":{"line":87,"column":8},"end":{"line":92,"column":9}},"47":{"start":{"line":87,"column":21},"end":{"line":87,"column":40}},"48":{"start":{"line":88,"column":12},"end":{"line":91,"column":13}},"49":{"start":{"line":88,"column":25},"end":{"line":88,"column":41}},"50":{"start":{"line":89,"column":16},"end":{"line":90,"column":67}},"51":{"start":{"line":89,"column":71},"end":{"line":89,"column":79}},"52":{"start":{"line":90,"column":21},"end":{"line":90,"column":67}},"53":{"start":{"line":90,"column":48},"end":{"line":90,"column":67}},"54":{"start":{"line":93,"column":8},"end":{"line":93,"column":22}},"55":{"start":{"line":97,"column":8},"end":{"line":97,"column":71}},"56":{"start":{"line":97,"column":59},"end":{"line":97,"column":71}},"57":{"start":{"line":98,"column":8},"end":{"line":99,"column":25}},"58":{"start":{"line":98,"column":63},"end":{"line":98,"column":74}},"59":{"start":{"line":99,"column":13},"end":{"line":99,"column":25}},"60":{"start":{"line":103,"column":28},"end":{"line":103,"column":57}},"61":{"start":{"line":104,"column":8},"end":{"line":112,"column":9}},"62":{"start":{"line":105,"column":12},"end":{"line":105,"column":24}},"63":{"start":{"line":106,"column":14},"end":{"line":112,"column":9}},"64":{"start":{"line":107,"column":12},"end":{"line":107,"column":23}},"65":{"start":{"line":108,"column":14},"end":{"line":112,"column":9}},"66":{"start":{"line":109,"column":12},"end":{"line":109,"column":24}},"67":{"start":{"line":110,"column":14},"end":{"line":112,"column":9}},"68":{"start":{"line":111,"column":12},"end":{"line":111,"column":23}},"69":{"start":{"line":113,"column":8},"end":{"line":113,"column":20}},"70":{"start":{"line":120,"column":8},"end":{"line":122,"column":9}},"71":{"start":{"line":121,"column":12},"end":{"line":121,"column":24}},"72":{"start":{"line":123,"column":8},"end":{"line":123,"column":26}},"73":{"start":{"line":127,"column":8},"end":{"line":127,"column":25}},"74":{"start":{"line":131,"column":25},"end":{"line":131,"column":45}},"75":{"start":{"line":132,"column":8},"end":{"line":132,"column":29}},"76":{"start":{"line":137,"column":0},"end":{"line":137,"column":30}}},"fnMap":{"0":{"name":"(anonymous_0)","decl":{"start":{"line":2,"column":4},"end":{"line":2,"column":5}},"loc":{"start":{"line":2,"column":30},"end":{"line":8,"column":5}},"line":2},"1":{"name":"(anonymous_1)","decl":{"start":{"line":10,"column":4},"end":{"line":10,"column":5}},"loc":{"start":{"line":10,"column":44},"end":{"line":15,"column":5}},"line":10},"2":{"name":"(anonymous_2)","decl":{"start":{"line":17,"column":4},"end":{"line":17,"column":5}},"loc":{"start":{"line":17,"column":25},"end":{"line":25,"column":5}},"line":17},"3":{"name":"(anonymous_3)","decl":{"start":{"line":27,"column":4},"end":{"line":27,"column":5}},"loc":{"start":{"line":27,"column":31},"end":{"line":37,"column":5}},"line":27},"4":{"name":"(anonymous_4)","decl":{"start":{"line":39,"column":4},"end":{"line":39,"column":5}},"loc":{"start":{"line":39,"column":25},"end":{"line":43,"column":5}},"line":39},"5":{"name":"(anonymous_5)","decl":{"start":{"line":45,"column":4},"end":{"line":45,"column":5}},"loc":{"start":{"line":45,"column":22},"end":{"line":47,"column":5}},"line":45},"6":{"name":"(anonymous_6)","decl":{"start":{"line":49,"column":4},"end":{"line":49,"column":5}},"loc":{"start":{"line":49,"column":14},"end":{"line":51,"column":5}},"line":49},"7":{"name":"(anonymous_7)","decl":{"start":{"line":52,"column":4},"end":{"line":52,"column":5}},"loc":{"start":{"line":52,"column":15},"end":{"line":54,"column":5}},"line":52},"8":{"name":"(anonymous_8)","decl":{"start":{"line":56,"column":4},"end":{"line":56,"column":5}},"loc":{"start":{"line":56,"column":44},"end":{"line":67,"column":5}},"line":56},"9":{"name":"(anonymous_9)","decl":{"start":{"line":69,"column":4},"end":{"line":69,"column":5}},"loc":{"start":{"line":69,"column":44},"end":{"line":77,"column":5}},"line":69},"10":{"name":"(anonymous_10)","decl":{"start":{"line":79,"column":4},"end":{"line":79,"column":5}},"loc":{"start":{"line":79,"column":45},"end":{"line":83,"column":5}},"line":79},"11":{"name":"(anonymous_11)","decl":{"start":{"line":85,"column":4},"end":{"line":85,"column":5}},"loc":{"start":{"line":85,"column":28},"end":{"line":94,"column":5}},"line":85},"12":{"name":"(anonymous_12)","decl":{"start":{"line":96,"column":4},"end":{"line":96,"column":5}},"loc":{"start":{"line":96,"column":39},"end":{"line":100,"column":5}},"line":96},"13":{"name":"(anonymous_13)","decl":{"start":{"line":102,"column":4},"end":{"line":102,"column":5}},"loc":{"start":{"line":102,"column":20},"end":{"line":114,"column":5}},"line":102},"14":{"name":"(anonymous_14)","decl":{"start":{"line":119,"column":4},"end":{"line":119,"column":5}},"loc":{"start":{"line":119,"column":22},"end":{"line":124,"column":5}},"line":119},"15":{"name":"(anonymous_15)","decl":{"start":{"line":126,"column":4},"end":{"line":126,"column":5}},"loc":{"start":{"line":126,"column":14},"end":{"line":128,"column":5}},"line":126},"16":{"name":"(anonymous_16)","decl":{"start":{"line":130,"column":4},"end":{"line":130,"column":5}},"loc":{"start":{"line":130,"column":20},"end":{"line":133,"column":5}},"line":130}},"branchMap":{"0":{"loc":{"start":{"line":3,"column":8},"end":{"line":3,"column":55}},"type":"cond-expr","locations":[{"start":{"line":3,"column":20},"end":{"line":3,"column":34}},{"start":{"line":3,"column":37},"end":{"line":3,"column":55}}],"line":3},"1":{"loc":{"start":{"line":4,"column":8},"end":{"line":4,"column":59}},"type":"cond-expr","locations":[{"start":{"line":4,"column":21},"end":{"line":4,"column":36}},{"start":{"line":4,"column":39},"end":{"line":4,"column":59}}],"line":4},"2":{"loc":{"start":{"line":11,"column":8},"end":{"line":11,"column":71}},"type":"if","locations":[{"start":{"line":11,"column":8},"end":{"line":11,"column":71}},{"start":{"line":11,"column":8},"end":{"line":11,"column":71}}],"line":11},"3":{"loc":{"start":{"line":57,"column":8},"end":{"line":63,"column":9}},"type":"if","locations":[{"start":{"line":57,"column":8},"end":{"line":63,"column":9}},{"start":{"line":57,"column":8},"end":{"line":63,"column":9}}],"line":57},"4":{"loc":{"start":{"line":70,"column":8},"end":{"line":75,"column":13}},"type":"if","locations":[{"start":{"line":70,"column":8},"end":{"line":75,"column":13}},{"start":{"line":70,"column":8},"end":{"line":75,"column":13}}],"line":70},"5":{"loc":{"start":{"line":70,"column":12},"end":{"line":73,"column":30}},"type":"binary-expr","locations":[{"start":{"line":70,"column":13},"end":{"line":70,"column":40}},{"start":{"line":71,"column":16},"end":{"line":71,"column":41}},{"start":{"line":72,"column":16},"end":{"line":72,"column":32}},{"start":{"line":73,"column":16},"end":{"line":73,"column":29}}],"line":70},"6":{"loc":{"start":{"line":80,"column":8},"end":{"line":80,"column":71}},"type":"if","locations":[{"start":{"line":80,"column":8},"end":{"line":80,"column":71}},{"start":{"line":80,"column":8},"end":{"line":80,"column":71}}],"line":80},"7":{"loc":{"start":{"line":89,"column":16},"end":{"line":90,"column":67}},"type":"if","locations":[{"start":{"line":89,"column":16},"end":{"line":90,"column":67}},{"start":{"line":89,"column":16},"end":{"line":90,"column":67}}],"line":89},"8":{"loc":{"start":{"line":89,"column":20},"end":{"line":89,"column":69}},"type":"binary-expr","locations":[{"start":{"line":89,"column":21},"end":{"line":89,"column":43}},{"start":{"line":89,"column":49},"end":{"line":89,"column":68}}],"line":89},"9":{"loc":{"start":{"line":90,"column":21},"end":{"line":90,"column":67}},"type":"if","locations":[{"start":{"line":90,"column":21},"end":{"line":90,"column":67}},{"start":{"line":90,"column":21},"end":{"line":90,"column":67}}],"line":90},"10":{"loc":{"start":{"line":97,"column":8},"end":{"line":97,"column":71}},"type":"if","locations":[{"start":{"line":97,"column":8},"end":{"line":97,"column":71}},{"start":{"line":97,"column":8},"end":{"line":97,"column":71}}],"line":97},"11":{"loc":{"start":{"line":98,"column":8},"end":{"line":99,"column":25}},"type":"if","locations":[{"start":{"line":98,"column":8},"end":{"line":99,"column":25}},{"start":{"line":98,"column":8},"end":{"line":99,"column":25}}],"line":98},"12":{"loc":{"start":{"line":104,"column":8},"end":{"line":112,"column":9}},"type":"if","locations":[{"start":{"line":104,"column":8},"end":{"line":112,"column":9}},{"start":{"line":104,"column":8},"end":{"line":112,"column":9}}],"line":104},"13":{"loc":{"start":{"line":104,"column":12},"end":{"line":104,"column":94}},"type":"binary-expr","locations":[{"start":{"line":104,"column":12},"end":{"line":104,"column":29}},{"start":{"line":104,"column":34},"end":{"line":104,"column":93}}],"line":104},"14":{"loc":{"start":{"line":106,"column":14},"end":{"line":112,"column":9}},"type":"if","locations":[{"start":{"line":106,"column":14},"end":{"line":112,"column":9}},{"start":{"line":106,"column":14},"end":{"line":112,"column":9}}],"line":106},"15":{"loc":{"start":{"line":106,"column":18},"end":{"line":106,"column":125}},"type":"binary-expr","locations":[{"start":{"line":106,"column":19},"end":{"line":106,"column":37}},{"start":{"line":106,"column":41},"end":{"line":106,"column":59}},{"start":{"line":106,"column":65},"end":{"line":106,"column":124}}],"line":106},"16":{"loc":{"start":{"line":108,"column":14},"end":{"line":112,"column":9}},"type":"if","locations":[{"start":{"line":108,"column":14},"end":{"line":112,"column":9}},{"start":{"line":108,"column":14},"end":{"line":112,"column":9}}],"line":108},"17":{"loc":{"start":{"line":108,"column":18},"end":{"line":108,"column":100}},"type":"binary-expr","locations":[{"start":{"line":108,"column":18},"end":{"line":108,"column":35}},{"start":{"line":108,"column":40},"end":{"line":108,"column":99}}],"line":108},"18":{"loc":{"start":{"line":110,"column":14},"end":{"line":112,"column":9}},"type":"if","locations":[{"start":{"line":110,"column":14},"end":{"line":112,"column":9}},{"start":{"line":110,"column":14},"end":{"line":112,"column":9}}],"line":110},"19":{"loc":{"start":{"line":110,"column":18},"end":{"line":110,"column":102}},"type":"binary-expr","locations":[{"start":{"line":110,"column":18},"end":{"line":110,"column":36}},{"start":{"line":110,"column":41},"end":{"line":110,"column":101}}],"line":110},"20":{"loc":{"start":{"line":120,"column":8},"end":{"line":122,"column":9}},"type":"if","locations":[{"start":{"line":120,"column":8},"end":{"line":122,"column":9}},{"start":{"line":120,"column":8},"end":{"line":122,"column":9}}],"line":120}},"s":{"0":26,"1":26,"2":26,"3":26,"4":26,"5":0,"6":0,"7":0,"8":0,"9":0,"10":23,"11":23,"12":70,"13":70,"14":70,"15":214,"16":23,"17":1,"18":1,"19":3,"20":3,"21":3,"22":9,"23":9,"24":9,"25":1,"26":3,"27":3,"28":3,"29":1,"30":1,"31":1,"32":16,"33":2,"34":2,"35":14,"36":14,"37":14,"38":159,"39":34,"40":125,"41":29,"42":2,"43":27,"44":27,"45":14,"46":14,"47":14,"48":42,"49":42,"50":126,"51":14,"52":112,"53":27,"54":14,"55":114,"56":30,"57":84,"58":28,"59":56,"60":8,"61":8,"62":0,"63":8,"64":1,"65":7,"66":1,"67":6,"68":2,"69":4,"70":253,"71":1,"72":253,"73":12,"74":10,"75":10,"76":1},"f":{"0":26,"1":0,"2":23,"3":1,"4":3,"5":1,"6":1,"7":1,"8":16,"9":159,"10":29,"11":14,"12":114,"13":8,"14":253,"15":12,"16":10},"b":{"0":[1,25],"1":[0,26],"2":[0,0],"3":[2,14],"4":[34,125],"5":[159,155,154,138],"6":[2,27],"7":[14,112],"8":[126,42],"9":[27,85],"10":[30,84],"11":[28,56],"12":[0,8],"13":[8,2],"14":[1,7],"15":[8,6,4],"16":[1,6],"17":[7,2],"18":[2,4],"19":[6,2],"20":[1,252]},"_coverageSchema":"43e27e138ebf9cfc5966b082cf9a028302ed4184","hash":"3481735374ddbbffef75da1258fe2f69e1c2cbce"}
}
