{"/Users/hungchungkuo/Desktop/gameOfList/index.js": {"path":"/Users/hungchungkuo/Desktop/gameOfList/index.js","statementMap":{"0":{"start":{"line":3,"column":8},"end":{"line":3,"column":30}},"1":{"start":{"line":4,"column":8},"end":{"line":4,"column":24}},"2":{"start":{"line":7,"column":8},"end":{"line":7,"column":21}},"3":{"start":{"line":8,"column":8},"end":{"line":11,"column":9}},"4":{"start":{"line":8,"column":21},"end":{"line":8,"column":22}},"5":{"start":{"line":9,"column":24},"end":{"line":9,"column":47}},"6":{"start":{"line":10,"column":12},"end":{"line":10,"column":30}},"7":{"start":{"line":12,"column":8},"end":{"line":12,"column":19}},"8":{"start":{"line":16,"column":8},"end":{"line":16,"column":33}},"9":{"start":{"line":20,"column":8},"end":{"line":20,"column":30}},"10":{"start":{"line":24,"column":8},"end":{"line":24,"column":30}},"11":{"start":{"line":25,"column":8},"end":{"line":25,"column":29}},"12":{"start":{"line":29,"column":8},"end":{"line":29,"column":29}},"13":{"start":{"line":33,"column":22},"end":{"line":33,"column":23}},"14":{"start":{"line":36,"column":8},"end":{"line":36,"column":57}},"15":{"start":{"line":36,"column":48},"end":{"line":36,"column":57}},"16":{"start":{"line":37,"column":8},"end":{"line":37,"column":59}},"17":{"start":{"line":37,"column":50},"end":{"line":37,"column":59}},"18":{"start":{"line":38,"column":8},"end":{"line":38,"column":58}},"19":{"start":{"line":38,"column":49},"end":{"line":38,"column":58}},"20":{"start":{"line":39,"column":8},"end":{"line":39,"column":46}},"21":{"start":{"line":39,"column":37},"end":{"line":39,"column":46}},"22":{"start":{"line":40,"column":8},"end":{"line":40,"column":44}},"23":{"start":{"line":40,"column":35},"end":{"line":40,"column":44}},"24":{"start":{"line":41,"column":8},"end":{"line":41,"column":46}},"25":{"start":{"line":41,"column":37},"end":{"line":41,"column":46}},"26":{"start":{"line":42,"column":8},"end":{"line":42,"column":44}},"27":{"start":{"line":42,"column":35},"end":{"line":42,"column":44}},"28":{"start":{"line":43,"column":8},"end":{"line":43,"column":44}},"29":{"start":{"line":43,"column":35},"end":{"line":43,"column":44}},"30":{"start":{"line":45,"column":8},"end":{"line":45,"column":22}},"31":{"start":{"line":50,"column":0},"end":{"line":50,"column":24}}},"fnMap":{"0":{"name":"(anonymous_0)","decl":{"start":{"line":2,"column":4},"end":{"line":2,"column":5}},"loc":{"start":{"line":2,"column":30},"end":{"line":5,"column":5}},"line":2},"1":{"name":"(anonymous_1)","decl":{"start":{"line":6,"column":4},"end":{"line":6,"column":5}},"loc":{"start":{"line":6,"column":17},"end":{"line":13,"column":5}},"line":6},"2":{"name":"(anonymous_2)","decl":{"start":{"line":15,"column":4},"end":{"line":15,"column":5}},"loc":{"start":{"line":15,"column":21},"end":{"line":17,"column":5}},"line":15},"3":{"name":"(anonymous_3)","decl":{"start":{"line":19,"column":4},"end":{"line":19,"column":5}},"loc":{"start":{"line":19,"column":18},"end":{"line":21,"column":5}},"line":19},"4":{"name":"(anonymous_4)","decl":{"start":{"line":23,"column":4},"end":{"line":23,"column":5}},"loc":{"start":{"line":23,"column":27},"end":{"line":26,"column":5}},"line":23},"5":{"name":"(anonymous_5)","decl":{"start":{"line":28,"column":4},"end":{"line":28,"column":5}},"loc":{"start":{"line":28,"column":17},"end":{"line":30,"column":5}},"line":28},"6":{"name":"(anonymous_6)","decl":{"start":{"line":32,"column":4},"end":{"line":32,"column":5}},"loc":{"start":{"line":32,"column":23},"end":{"line":46,"column":5}},"line":32}},"branchMap":{"0":{"loc":{"start":{"line":36,"column":8},"end":{"line":36,"column":57}},"type":"if","locations":[{"start":{"line":36,"column":8},"end":{"line":36,"column":57}},{"start":{"line":36,"column":8},"end":{"line":36,"column":57}}],"line":36},"1":{"loc":{"start":{"line":36,"column":12},"end":{"line":36,"column":46}},"type":"binary-expr","locations":[{"start":{"line":36,"column":13},"end":{"line":36,"column":18}},{"start":{"line":36,"column":24},"end":{"line":36,"column":45}}],"line":36},"2":{"loc":{"start":{"line":37,"column":8},"end":{"line":37,"column":59}},"type":"if","locations":[{"start":{"line":37,"column":8},"end":{"line":37,"column":59}},{"start":{"line":37,"column":8},"end":{"line":37,"column":59}}],"line":37},"3":{"loc":{"start":{"line":37,"column":12},"end":{"line":37,"column":48}},"type":"binary-expr","locations":[{"start":{"line":37,"column":13},"end":{"line":37,"column":18}},{"start":{"line":37,"column":24},"end":{"line":37,"column":47}}],"line":37},"4":{"loc":{"start":{"line":38,"column":8},"end":{"line":38,"column":58}},"type":"if","locations":[{"start":{"line":38,"column":8},"end":{"line":38,"column":58}},{"start":{"line":38,"column":8},"end":{"line":38,"column":58}}],"line":38},"5":{"loc":{"start":{"line":38,"column":12},"end":{"line":38,"column":47}},"type":"binary-expr","locations":[{"start":{"line":38,"column":13},"end":{"line":38,"column":18}},{"start":{"line":38,"column":23},"end":{"line":38,"column":46}}],"line":38},"6":{"loc":{"start":{"line":39,"column":8},"end":{"line":39,"column":46}},"type":"if","locations":[{"start":{"line":39,"column":8},"end":{"line":39,"column":46}},{"start":{"line":39,"column":8},"end":{"line":39,"column":46}}],"line":39},"7":{"loc":{"start":{"line":40,"column":8},"end":{"line":40,"column":44}},"type":"if","locations":[{"start":{"line":40,"column":8},"end":{"line":40,"column":44}},{"start":{"line":40,"column":8},"end":{"line":40,"column":44}}],"line":40},"8":{"loc":{"start":{"line":41,"column":8},"end":{"line":41,"column":46}},"type":"if","locations":[{"start":{"line":41,"column":8},"end":{"line":41,"column":46}},{"start":{"line":41,"column":8},"end":{"line":41,"column":46}}],"line":41},"9":{"loc":{"start":{"line":42,"column":8},"end":{"line":42,"column":44}},"type":"if","locations":[{"start":{"line":42,"column":8},"end":{"line":42,"column":44}},{"start":{"line":42,"column":8},"end":{"line":42,"column":44}}],"line":42},"10":{"loc":{"start":{"line":43,"column":8},"end":{"line":43,"column":44}},"type":"if","locations":[{"start":{"line":43,"column":8},"end":{"line":43,"column":44}},{"start":{"line":43,"column":8},"end":{"line":43,"column":44}}],"line":43}},"s":{"0":12,"1":12,"2":10,"3":10,"4":10,"5":28,"6":28,"7":10,"8":1,"9":1,"10":6,"11":6,"12":2,"13":3,"14":3,"15":0,"16":3,"17":0,"18":3,"19":1,"20":3,"21":1,"22":3,"23":0,"24":3,"25":0,"26":3,"27":0,"28":3,"29":0,"30":3,"31":1},"f":{"0":12,"1":10,"2":1,"3":1,"4":6,"5":2,"6":3},"b":{"0":[0,3],"1":[3,2],"2":[0,3],"3":[3,2],"4":[1,2],"5":[3,2],"6":[1,2],"7":[0,3],"8":[0,3],"9":[0,3],"10":[0,3]},"_coverageSchema":"43e27e138ebf9cfc5966b082cf9a028302ed4184","hash":"e0794c60b889fc2d46f4473185f3fdd7acf6d571"}
}
