TN:
SF:/Users/hungchungkuo/Desktop/gameOfList/index.js
FN:2,(anonymous_0)
FN:6,(anonymous_1)
FN:15,(anonymous_2)
FN:19,(anonymous_3)
FN:23,(anonymous_4)
FN:28,(anonymous_5)
FN:32,(anonymous_6)
FNF:7
FNH:7
FNDA:12,(anonymous_0)
FNDA:10,(anonymous_1)
FNDA:1,(anonymous_2)
FNDA:1,(anonymous_3)
FNDA:6,(anonymous_4)
FNDA:2,(anonymous_5)
FNDA:3,(anonymous_6)
DA:3,12
DA:4,12
DA:7,10
DA:8,10
DA:9,28
DA:10,28
DA:12,10
DA:16,1
DA:20,1
DA:24,6
DA:25,6
DA:29,2
DA:33,3
DA:36,3
DA:37,3
DA:38,3
DA:39,3
DA:40,3
DA:41,3
DA:42,3
DA:43,3
DA:45,3
DA:50,1
LF:23
LH:23
BRDA:36,0,0,0
BRDA:36,0,1,3
BRDA:36,1,0,3
BRDA:36,1,1,2
BRDA:37,2,0,0
BRDA:37,2,1,3
BRDA:37,3,0,3
BRDA:37,3,1,2
BRDA:38,4,0,1
BRDA:38,4,1,2
BRDA:38,5,0,3
BRDA:38,5,1,2
BRDA:39,6,0,1
BRDA:39,6,1,2
BRDA:40,7,0,0
BRDA:40,7,1,3
BRDA:41,8,0,0
BRDA:41,8,1,3
BRDA:42,9,0,0
BRDA:42,9,1,3
BRDA:43,10,0,0
BRDA:43,10,1,3
BRF:22
BRH:16
end_of_record
