TN:
SF:/Users/hungchungkuo/Desktop/gameOfList/index.js
FN:2,(anonymous_0)
FN:10,(anonymous_1)
FN:17,(anonymous_2)
FN:27,(anonymous_3)
FN:39,(anonymous_4)
FN:45,(anonymous_5)
FN:49,(anonymous_6)
FN:52,(anonymous_7)
FN:56,(anonymous_8)
FN:69,(anonymous_9)
FN:79,(anonymous_10)
FN:85,(anonymous_11)
FN:96,(anonymous_12)
FN:102,(anonymous_13)
FN:119,(anonymous_14)
FN:126,(anonymous_15)
FN:130,(anonymous_16)
FNF:17
FNH:16
FNDA:26,(anonymous_0)
FNDA:0,(anonymous_1)
FNDA:23,(anonymous_2)
FNDA:1,(anonymous_3)
FNDA:3,(anonymous_4)
FNDA:1,(anonymous_5)
FNDA:1,(anonymous_6)
FNDA:1,(anonymous_7)
FNDA:16,(anonymous_8)
FNDA:159,(anonymous_9)
FNDA:29,(anonymous_10)
FNDA:14,(anonymous_11)
FNDA:114,(anonymous_12)
FNDA:8,(anonymous_13)
FNDA:253,(anonymous_14)
FNDA:12,(anonymous_15)
FNDA:10,(anonymous_16)
DA:3,26
DA:4,26
DA:5,26
DA:6,26
DA:7,26
DA:11,0
DA:12,0
DA:13,0
DA:14,0
DA:18,23
DA:19,70
DA:20,70
DA:21,214
DA:24,23
DA:28,1
DA:29,3
DA:30,3
DA:31,9
DA:32,9
DA:33,9
DA:36,1
DA:40,3
DA:41,3
DA:42,3
DA:46,1
DA:50,1
DA:53,1
DA:57,16
DA:58,2
DA:59,2
DA:64,14
DA:65,14
DA:66,14
DA:70,159
DA:74,34
DA:76,125
DA:80,29
DA:81,27
DA:82,27
DA:86,14
DA:87,14
DA:88,42
DA:89,126
DA:90,112
DA:93,14
DA:97,114
DA:98,84
DA:99,56
DA:103,8
DA:104,8
DA:105,0
DA:106,8
DA:107,1
DA:108,7
DA:109,1
DA:110,6
DA:111,2
DA:113,4
DA:120,253
DA:121,1
DA:123,253
DA:127,12
DA:131,10
DA:132,10
DA:137,1
LF:65
LH:60
BRDA:3,0,0,1
BRDA:3,0,1,25
BRDA:4,1,0,0
BRDA:4,1,1,26
BRDA:11,2,0,0
BRDA:11,2,1,0
BRDA:57,3,0,2
BRDA:57,3,1,14
BRDA:70,4,0,34
BRDA:70,4,1,125
BRDA:70,5,0,159
BRDA:70,5,1,155
BRDA:70,5,2,154
BRDA:70,5,3,138
BRDA:80,6,0,2
BRDA:80,6,1,27
BRDA:89,7,0,14
BRDA:89,7,1,112
BRDA:89,8,0,126
BRDA:89,8,1,42
BRDA:90,9,0,27
BRDA:90,9,1,85
BRDA:97,10,0,30
BRDA:97,10,1,84
BRDA:98,11,0,28
BRDA:98,11,1,56
BRDA:104,12,0,0
BRDA:104,12,1,8
BRDA:104,13,0,8
BRDA:104,13,1,2
BRDA:106,14,0,1
BRDA:106,14,1,7
BRDA:106,15,0,8
BRDA:106,15,1,6
BRDA:106,15,2,4
BRDA:108,16,0,1
BRDA:108,16,1,6
BRDA:108,17,0,7
BRDA:108,17,1,2
BRDA:110,18,0,2
BRDA:110,18,1,4
BRDA:110,19,0,6
BRDA:110,19,1,2
BRDA:120,20,0,1
BRDA:120,20,1,252
BRF:45
BRH:41
end_of_record
